This file contains any messages produced by compilers while
running configure, to aid debugging if configure makes a mistake.

It was created by tkcon configure 2.7, which was
generated by GNU Autoconf 2.69.  Invocation command line was

  $ ./configure --with-tk=/tmp/win64/SAOImageDS9/tk8.6/win TEA_PLATFORM=windows --with-tcl=/tmp/win64/SAOImageDS9/tcl8.6/win --enable-64bit --prefix /tmp/win64/SAOImageDS9 --exec-prefix /tmp/win64/SAOImageDS9 --libdir /tmp/win64/SAOImageDS9/lib --config-cache --cache-file=/tmp/win64/SAOImageDS9/config.cache

## --------- ##
## Platform. ##
## --------- ##

hostname = WIN-AFHDDJL80ML
uname -m = x86_64
uname -r = 3.2.0(0.340/5/3)
uname -s = CYGWIN_NT-10.0
uname -v = 2021-03-29 08:42

/usr/bin/uname -p = unknown
/bin/uname -X     = unknown

/bin/arch              = x86_64
/usr/bin/arch -k       = unknown
/usr/convex/getsysinfo = unknown
/usr/bin/hostinfo      = unknown
/bin/machine           = unknown
/usr/bin/oslevel       = unknown
/bin/universe          = unknown

PATH: .
PATH: /home/joye/bin
PATH: /home/joye/SAOImageDS9/bin
PATH: /usr/local/bin
PATH: /usr/bin
PATH: /cygdrive/c/Program Files (x86)/Common Files/Oracle/Java/javapath
PATH: /cygdrive/c/WINDOWS/system32
PATH: /cygdrive/c/WINDOWS
PATH: /cygdrive/c/WINDOWS/System32/Wbem
PATH: /cygdrive/c/WINDOWS/System32/WindowsPowerShell/v1.0
PATH: /cygdrive/c/WINDOWS/System32/OpenSSH
PATH: /cygdrive/c/SAOImageDS9
PATH: /cygdrive/c/Program Files (x86)/Common Files/Oracle/Java/javapath
PATH: /cygdrive/c/WINDOWS/system32
PATH: /cygdrive/c/WINDOWS
PATH: /cygdrive/c/WINDOWS/System32/Wbem
PATH: /cygdrive/c/WINDOWS/System32/WindowsPowerShell/v1.0
PATH: /cygdrive/c/WINDOWS/System32/OpenSSH
PATH: /cygdrive/c/Users/joye/AppData/Local/Microsoft/WindowsApps
PATH: /usr/lib/lapack


## ----------- ##
## Core tests. ##
## ----------- ##

configure:1853: loading cache /tmp/win64/SAOImageDS9/config.cache
configure:1944: checking TEA configuration
configure:1950: result: ok (TEA 3.13)
configure:2031: configuring tkcon 2.7
configure:2061: checking system version
configure:2084: result: windows
configure:2153: checking for Tcl configuration
configure:2286: result: found /tmp/win64/SAOImageDS9/tcl8.6/win/tclConfig.sh
configure:2339: checking for gcc
configure:2366: result: gcc
configure:2595: checking for C compiler version
configure:2604: gcc --version >&5
gcc (GCC) 11.2.0
Copyright (C) 2021 Free Software Foundation, Inc.
This is free software; see the source for copying conditions.  There is NO
warranty; not even for MERCHANTABILITY or FITNESS FOR A PARTICULAR PURPOSE.

configure:2615: $? = 0
configure:2604: gcc -v >&5
Using built-in specs.
COLLECT_GCC=gcc
COLLECT_LTO_WRAPPER=/usr/lib/gcc/x86_64-pc-cygwin/11/lto-wrapper.exe
Target: x86_64-pc-cygwin
Configured with: /mnt/share/cygpkgs/gcc/gcc.x86_64/src/gcc-11.2.0/configure --srcdir=/mnt/share/cygpkgs/gcc/gcc.x86_64/src/gcc-11.2.0 --prefix=/usr --exec-prefix=/usr --localstatedir=/var --sysconfdir=/etc --docdir=/usr/share/doc/gcc --htmldir=/usr/share/doc/gcc/html -C --build=x86_64-pc-cygwin --host=x86_64-pc-cygwin --target=x86_64-pc-cygwin --without-libiconv-prefix --without-libintl-prefix --libexecdir=/usr/lib --with-gcc-major-version-only --enable-shared --enable-shared-libgcc --enable-static --enable-version-specific-runtime-libs --enable-bootstrap --enable-__cxa_atexit --with-dwarf2 --with-tune=generic --disable-bootstrap --enable-languages=c,c++,fortran,lto,objc,obj-c++,jit --enable-graphite --enable-threads=posix --enable-libatomic --enable-libgomp --enable-libquadmath --enable-libquadmath-support --disable-libssp --enable-libada --disable-symvers --with-gnu-ld --with-gnu-as --with-cloog-include=/usr/include/cloog-isl --without-libiconv-prefix --without-libintl-prefix --with-system-zlib --enable-linker-build-id --with-default-libstdcxx-abi=gcc4-compatible --enable-libstdcxx-filesystem-ts
Thread model: posix
Supported LTO compression algorithms: zlib zstd
gcc version 11.2.0 (GCC) 
configure:2615: $? = 0
configure:2604: gcc -V >&5
gcc: error: unrecognized command-line option '-V'
gcc: fatal error: no input files
compilation terminated.
configure:2615: $? = 1
configure:2604: gcc -qversion >&5
gcc: error: unrecognized command-line option '-qversion'; did you mean '--version'?
gcc: fatal error: no input files
compilation terminated.
configure:2615: $? = 1
configure:2635: checking whether the C compiler works
configure:2657: gcc    conftest.c  >&5
configure:2661: $? = 0
configure:2709: result: yes
configure:2712: checking for C compiler default output file name
configure:2714: result: a.exe
configure:2720: checking for suffix of executables
configure:2727: gcc -o conftest.exe    conftest.c  >&5
configure:2731: $? = 0
configure:2753: result: .exe
configure:2775: checking whether we are cross compiling
configure:2783: gcc -o conftest.exe    conftest.c  >&5
configure:2787: $? = 0
configure:2794: ./conftest.exe
configure:2798: $? = 0
configure:2813: result: no
configure:2818: checking for suffix of object files
configure:2865: result: o
configure:2869: checking whether we are using the GNU C compiler
configure:2897: result: yes
configure:2906: checking whether gcc accepts -g
configure:2967: result: yes
configure:2984: checking for gcc option to accept ISO C89
configure:3060: result: none needed
configure:3082: checking for existence of /tmp/win64/SAOImageDS9/tcl8.6/win/tclConfig.sh
configure:3086: result: loading
configure:3150: checking platform
configure:3168: x86_64-w64-mingw32-gcc -c   conftest.c >&5
conftest.c: In function 'main':
conftest.c:15:18: error: #error win32
   15 |                 #error win32
      |                  ^~~~~
configure:3168: $? = 1
configure: failed program was:
| /* confdefs.h */
| #define PACKAGE_NAME "tkcon"
| #define PACKAGE_TARNAME "tkcon"
| #define PACKAGE_VERSION "2.7"
| #define PACKAGE_STRING "tkcon 2.7"
| #define PACKAGE_BUGREPORT ""
| #define PACKAGE_URL ""
| /* end confdefs.h.  */
| 
| int
| main ()
| {
| 
| 	    #ifdef _WIN32
| 		#error win32
| 	    #endif
| 
|   ;
|   return 0;
| }
configure:3178: checking for cygpath
configure:3206: result: cygpath -m
configure:3218: result: windows
configure:3263: checking for Tk configuration
configure:3396: result: found /tmp/win64/SAOImageDS9/tk8.6/win/tkConfig.sh
configure:3402: checking for existence of /tmp/win64/SAOImageDS9/tk8.6/win/tkConfig.sh
configure:3406: result: loading
configure:3582: checking for gcc
configure:3609: result: gcc
configure:3838: checking for C compiler version
configure:3847: gcc --version >&5
gcc (GCC) 11.2.0
Copyright (C) 2021 Free Software Foundation, Inc.
This is free software; see the source for copying conditions.  There is NO
warranty; not even for MERCHANTABILITY or FITNESS FOR A PARTICULAR PURPOSE.

configure:3858: $? = 0
configure:3847: gcc -v >&5
Using built-in specs.
COLLECT_GCC=gcc
COLLECT_LTO_WRAPPER=/usr/lib/gcc/x86_64-pc-cygwin/11/lto-wrapper.exe
Target: x86_64-pc-cygwin
Configured with: /mnt/share/cygpkgs/gcc/gcc.x86_64/src/gcc-11.2.0/configure --srcdir=/mnt/share/cygpkgs/gcc/gcc.x86_64/src/gcc-11.2.0 --prefix=/usr --exec-prefix=/usr --localstatedir=/var --sysconfdir=/etc --docdir=/usr/share/doc/gcc --htmldir=/usr/share/doc/gcc/html -C --build=x86_64-pc-cygwin --host=x86_64-pc-cygwin --target=x86_64-pc-cygwin --without-libiconv-prefix --without-libintl-prefix --libexecdir=/usr/lib --with-gcc-major-version-only --enable-shared --enable-shared-libgcc --enable-static --enable-version-specific-runtime-libs --enable-bootstrap --enable-__cxa_atexit --with-dwarf2 --with-tune=generic --disable-bootstrap --enable-languages=c,c++,fortran,lto,objc,obj-c++,jit --enable-graphite --enable-threads=posix --enable-libatomic --enable-libgomp --enable-libquadmath --enable-libquadmath-support --disable-libssp --enable-libada --disable-symvers --with-gnu-ld --with-gnu-as --with-cloog-include=/usr/include/cloog-isl --without-libiconv-prefix --without-libintl-prefix --with-system-zlib --enable-linker-build-id --with-default-libstdcxx-abi=gcc4-compatible --enable-libstdcxx-filesystem-ts
Thread model: posix
Supported LTO compression algorithms: zlib zstd
gcc version 11.2.0 (GCC) 
configure:3858: $? = 0
configure:3847: gcc -V >&5
gcc: error: unrecognized command-line option '-V'
gcc: fatal error: no input files
compilation terminated.
configure:3858: $? = 1
configure:3847: gcc -qversion >&5
gcc: error: unrecognized command-line option '-qversion'; did you mean '--version'?
gcc: fatal error: no input files
compilation terminated.
configure:3858: $? = 1
configure:3862: checking whether we are using the GNU C compiler
configure:3890: result: yes
configure:3899: checking whether gcc accepts -g
configure:3960: result: yes
configure:3977: checking for gcc option to accept ISO C89
configure:4053: result: none needed
configure:4078: checking how to run the C preprocessor
configure:4148: result: gcc -E
configure:4168: gcc -E  conftest.c
configure:4168: $? = 0
configure:4182: gcc -E  conftest.c
conftest.c:10:10: fatal error: ac_nonexistent.h: No such file or directory
   10 | #include <ac_nonexistent.h>
      |          ^~~~~~~~~~~~~~~~~~
compilation terminated.
configure:4182: $? = 1
configure: failed program was:
| /* confdefs.h */
| #define PACKAGE_NAME "tkcon"
| #define PACKAGE_TARNAME "tkcon"
| #define PACKAGE_VERSION "2.7"
| #define PACKAGE_STRING "tkcon 2.7"
| #define PACKAGE_BUGREPORT ""
| #define PACKAGE_URL ""
| #define BUILD_tkcon /**/
| /* end confdefs.h.  */
| #include <ac_nonexistent.h>
configure:4215: checking whether make sets $(MAKE)
configure:4237: result: yes
configure:4294: checking for ranlib
configure:4321: result: ranlib
configure:4352: checking for grep that handles long lines and -e
configure:4410: result: /usr/bin/grep
configure:4415: checking for egrep
configure:4477: result: /usr/bin/grep -E
configure:4482: checking for ANSI C header files
configure:4586: result: yes
configure:4599: checking for sys/types.h
configure:4599: result: yes
configure:4599: checking for sys/stat.h
configure:4599: result: yes
configure:4599: checking for stdlib.h
configure:4599: result: yes
configure:4599: checking for string.h
configure:4599: result: yes
configure:4599: checking for memory.h
configure:4599: result: yes
configure:4599: checking for strings.h
configure:4599: result: yes
configure:4599: checking for inttypes.h
configure:4599: result: yes
configure:4599: checking for stdint.h
configure:4599: result: yes
configure:4599: checking for unistd.h
configure:4599: result: yes
configure:4621: checking if the compiler understands -pipe
configure:4647: result: yes
configure:4658: checking whether byte ordering is bigendian
configure:4864: result: no
configure:5259: creating ./config.status

## ---------------------- ##
## Running config.status. ##
## ---------------------- ##

This file was extended by tkcon config.status 2.7, which was
generated by GNU Autoconf 2.69.  Invocation command line was

  CONFIG_FILES    = 
  CONFIG_HEADERS  = 
  CONFIG_LINKS    = 
  CONFIG_COMMANDS = 
  $ ./config.status 

on WIN-AFHDDJL80ML

config.status:773: creating Makefile
configure:6260: WARNING: unrecognized options: --enable-64bit

## ---------------- ##
## Cache variables. ##
## ---------------- ##

ac_cv_c_bigendian=no
ac_cv_c_compiler_gnu=yes
ac_cv_c_inline=inline
ac_cv_c_tclconfig=/tmp/win64/SAOImageDS9/tcl8.6/win
ac_cv_c_tclh=C:/cygwin64/tmp/win64/SAOImageDS9/tcl8.6/generic
ac_cv_c_tkconfig=/tmp/win64/SAOImageDS9/tk8.6/win
ac_cv_c_tkh=/tmp/win64/SAOImageDS9/tk8.6/generic
ac_cv_cross=yes
ac_cv_env_CCC_set=
ac_cv_env_CCC_value=
ac_cv_env_CC_set=
ac_cv_env_CC_value=
ac_cv_env_CFLAGS_set=
ac_cv_env_CFLAGS_value=
ac_cv_env_CPPFLAGS_set=
ac_cv_env_CPPFLAGS_value=
ac_cv_env_CPP_set=
ac_cv_env_CPP_value=
ac_cv_env_CXXFLAGS_set=
ac_cv_env_CXXFLAGS_value=
ac_cv_env_CXX_set=
ac_cv_env_CXX_value=
ac_cv_env_LDFLAGS_set=
ac_cv_env_LDFLAGS_value=
ac_cv_env_LIBS_set=
ac_cv_env_LIBS_value=
ac_cv_env_XMKMF_set=
ac_cv_env_XMKMF_value=
ac_cv_env_build_alias_set=
ac_cv_env_build_alias_value=
ac_cv_env_host_alias_set=
ac_cv_env_host_alias_value=
ac_cv_env_target_alias_set=
ac_cv_env_target_alias_value=
ac_cv_exeext=.exe
ac_cv_func_lseek64=yes
ac_cv_func_open64=no
ac_cv_header_errno_h=yes
ac_cv_header_inttypes_h=yes
ac_cv_header_memory_h=yes
ac_cv_header_stdc=yes
ac_cv_header_stdint_h=yes
ac_cv_header_stdio_h=yes
ac_cv_header_stdlib_h=yes
ac_cv_header_string_h=yes
ac_cv_header_strings_h=yes
ac_cv_header_sys_stat_h=yes
ac_cv_header_sys_types_h=yes
ac_cv_header_unistd_h=yes
ac_cv_header_uxtheme_h=yes
ac_cv_header_vssym32_h=yes
ac_cv_municode=yes
ac_cv_objext=o
ac_cv_path_EGREP='/usr/bin/grep -E'
ac_cv_path_GREP=/usr/bin/grep
ac_cv_path_tclsh=/usr/bin/tclsh8.6.exe
ac_cv_prog_CPP='gcc -E'
ac_cv_prog_CYGPATH='cygpath -m'
ac_cv_prog_ac_ct_AR=ar
ac_cv_prog_ac_ct_CC=gcc
ac_cv_prog_ac_ct_RANLIB=ranlib
ac_cv_prog_ac_ct_RC=windres
ac_cv_prog_cc_c11=
ac_cv_prog_cc_c89=
ac_cv_prog_cc_g=yes
ac_cv_prog_cc_stdc=
ac_cv_prog_egrep='grep -E'
ac_cv_prog_make__set=yes
ac_cv_prog_make_make_set=yes
ac_cv_type_intptr_t=yes
ac_cv_type_uintptr_t=yes
ac_cv_win32=yes
tcl_cv_cast_to_union=yes
tcl_cv_cc_pipe=yes
tcl_cv_cc_visibility_hidden=no
tcl_cv_eh_disposition=yes
tcl_cv_findex_enums=yes
tcl_cv_flag__isoc99_source=no
tcl_cv_flag__largefile64_source=no
tcl_cv_flag__largefile_source64=no
tcl_cv_intrinsics=yes
tcl_cv_seh=no
tcl_cv_strtoi64=yes
tcl_cv_struct_dirent64=no
tcl_cv_struct_stat64=yes
tcl_cv_sys_version=windows
tcl_cv_type_64bit='long long'
tcl_cv_type_off64_t=yes
tcl_cv_winnt_ignore_void=no
tcl_cv_wspiapi_h=yes

## ----------------- ##
## Output variables. ##
## ----------------- ##

CC='gcc'
CFLAGS=' -pipe'
CLEANFILES=' *.lib *.dll *.pdb *.exp'
CPP='gcc -E'
CPPFLAGS=''
CYGPATH='cygpath -m'
DEFS='-DPACKAGE_NAME=\"tkcon\" -DPACKAGE_TARNAME=\"tkcon\" -DPACKAGE_VERSION=\"2.7\" -DPACKAGE_STRING=\"tkcon\ 2.7\" -DPACKAGE_BUGREPORT=\"\" -DPACKAGE_URL=\"\" -DBUILD_tkcon=/\*\*/ -DSTDC_HEADERS=1 -DHAVE_SYS_TYPES_H=1 -DHAVE_SYS_STAT_H=1 -DHAVE_STDLIB_H=1 -DHAVE_STRING_H=1 -DHAVE_MEMORY_H=1 -DHAVE_STRINGS_H=1 -DHAVE_INTTYPES_H=1 -DHAVE_STDINT_H=1 -DHAVE_UNISTD_H=1'
ECHO_C=''
ECHO_N='-n'
ECHO_T=''
EGREP='/usr/bin/grep -E'
EXEEXT='.exe'
GREP='/usr/bin/grep'
INSTALL='$(SHELL) $(srcdir)/tclconfig/install-sh -c'
INSTALL_DATA='${INSTALL} -m 644'
INSTALL_DATA_DIR='${INSTALL} -d -m 755'
INSTALL_LIBRARY='${INSTALL} -m 644'
INSTALL_PROGRAM='${INSTALL} -m 755'
INSTALL_SCRIPT='${INSTALL} -m 755'
LDFLAGS=''
LIBOBJS=''
LIBS=''
LTLIBOBJS=''
OBJEXT='o'
PACKAGE_BUGREPORT=''
PACKAGE_NAME='tkcon'
PACKAGE_STRING='tkcon 2.7'
PACKAGE_TARNAME='tkcon'
PACKAGE_URL=''
PACKAGE_VERSION='2.7'
PATH_SEPARATOR=':'
PKG_CFLAGS=' '
PKG_HEADERS=''
PKG_INCLUDES=''
PKG_LIBS=''
PKG_LIB_FILE=''
PKG_OBJECTS=''
PKG_SOURCES=''
PKG_STUB_LIB_FILE=''
PKG_STUB_OBJECTS=''
PKG_STUB_SOURCES=''
PKG_TCL_SOURCES=' tkcon.tcl'
RANLIB='ranlib'
SET_MAKE=''
SHELL='/bin/sh'
TCL_BIN_DIR='/tmp/win64/SAOImageDS9/tcl8.6/win'
TCL_DEFS='-DPACKAGE_NAME=\"\" -DPACKAGE_TARNAME=\"\" -DPACKAGE_VERSION=\"\" -DPACKAGE_STRING=\"\" -DPACKAGE_BUGREPORT=\"\" -DSTDC_HEADERS=1 -DTCL_THREADS=1 -DUSE_THREAD_ALLOC=1 -DTCL_CFGVAL_ENCODING=\"cp1252\" -DSTATIC_BUILD=1 -DMODULE_SCOPE=extern -DTCL_CFG_DO64BIT=1 -DHAVE_NO_SEH=1 -DHAVE_CAST_TO_UNION=1 -DHAVE_ZLIB=1 -DHAVE_SYS_TYPES_H=1 -DHAVE_SYS_STAT_H=1 -DHAVE_STDLIB_H=1 -DHAVE_STRING_H=1 -DHAVE_MEMORY_H=1 -DHAVE_STRINGS_H=1 -DHAVE_INTTYPES_H=1 -DHAVE_STDINT_H=1 -DHAVE_UNISTD_H=1 -DHAVE_INTPTR_T=1 -DHAVE_UINTPTR_T=1 -DHAVE_INTRIN_H=1 -DHAVE_WSPIAPI_H=1 -DNDEBUG=1 -DTCL_CFG_OPTIMIZED=1 '
TCL_EXTRA_CFLAGS='-pipe'
TCL_LD_FLAGS=''
TCL_LIBS='-lnetapi32 -lkernel32 -luser32 -ladvapi32 -luserenv -lws2_32'
TCL_LIB_FILE='libtcl86.a'
TCL_LIB_FLAG=''
TCL_LIB_SPEC='-LC:/cygwin64/tmp/win64/SAOImageDS9/tcl8.6/win -ltcl86'
TCL_PATCH_LEVEL='.11'
TCL_SHLIB_LD_LIBS='${LIBS}'
TCL_SRC_DIR='C:/cygwin64/tmp/win64/SAOImageDS9/tcl8.6'
TCL_STUB_LIB_FILE='libtclstub86.a'
TCL_STUB_LIB_FLAG='-ltclstub86'
TCL_STUB_LIB_SPEC='-LC:/cygwin64/tmp/win64/SAOImageDS9/tcl8.6/win -ltclstub86'
TCL_VERSION='8.6'
TK_BIN_DIR='/tmp/win64/SAOImageDS9/tk8.6/win'
TK_LIBS='-lnetapi32 -lkernel32 -luser32 -ladvapi32 -luserenv -lws2_32 -lgdi32 -lcomdlg32 -limm32 -lcomctl32 -lshell32 -luuid -lole32 -loleaut32'
TK_LIB_FILE='libtk86g.a'
TK_LIB_FLAG='-ltk86g'
TK_LIB_SPEC='-L/tmp/win64/SAOImageDS9/tk8.6/win -ltk86g'
TK_SRC_DIR='/tmp/win64/SAOImageDS9/tk8.6'
TK_STUB_LIB_FILE='libtkstub86g.a'
TK_STUB_LIB_FLAG='-ltkstub86g'
TK_STUB_LIB_SPEC='-L/tmp/win64/SAOImageDS9/tk8.6/win -ltkstub86g'
TK_VERSION='8.6'
TK_XINCLUDES=''
ac_ct_CC='gcc'
bindir='${exec_prefix}/bin'
build_alias=''
datadir='${datarootdir}'
datarootdir='${prefix}/share'
docdir='${datarootdir}/doc/${PACKAGE_TARNAME}'
dvidir='${docdir}'
exec_prefix='/tmp/win64/SAOImageDS9'
host_alias=''
htmldir='${docdir}'
includedir='${prefix}/include'
infodir='${datarootdir}/info'
libdir='/tmp/win64/SAOImageDS9/lib'
libexecdir='${exec_prefix}/libexec'
localedir='${datarootdir}/locale'
localstatedir='${prefix}/var'
mandir='${datarootdir}/man'
oldincludedir='/usr/include'
pdfdir='${docdir}'
prefix='/tmp/win64/SAOImageDS9'
program_transform_name='s,x,x,'
psdir='${docdir}'
sbindir='${exec_prefix}/sbin'
sharedstatedir='${prefix}/com'
sysconfdir='${prefix}/etc'
target_alias=''

## ----------- ##
## confdefs.h. ##
## ----------- ##

/* confdefs.h */
#define PACKAGE_NAME "tkcon"
#define PACKAGE_TARNAME "tkcon"
#define PACKAGE_VERSION "2.7"
#define PACKAGE_STRING "tkcon 2.7"
#define PACKAGE_BUGREPORT ""
#define PACKAGE_URL ""
#define BUILD_tkcon /**/
#define STDC_HEADERS 1
#define HAVE_SYS_TYPES_H 1
#define HAVE_SYS_STAT_H 1
#define HAVE_STDLIB_H 1
#define HAVE_STRING_H 1
#define HAVE_MEMORY_H 1
#define HAVE_STRINGS_H 1
#define HAVE_INTTYPES_H 1
#define HAVE_STDINT_H 1
#define HAVE_UNISTD_H 1

configure: exit 0
